<?xml version="1.0" encoding="UTF-8"?>
<testng-results skipped="0" failed="0" ignored="0" total="1" passed="1">
  <reporter-output>
  </reporter-output>
  <suite name="Suite" duration-ms="90397" started-at="2018-07-11T07:33:10Z" finished-at="2018-07-11T07:34:41Z">
    <groups>
    </groups>
    <test name="Test" duration-ms="90397" started-at="2018-07-11T07:33:10Z" finished-at="2018-07-11T07:34:41Z">
      <class name="Jenkins.JenkinsTest">
        <test-method status="PASS" signature="test1()[pri:0, instance:Jenkins.JenkinsTest@77cd7a0]" name="test1" duration-ms="90214" started-at="2018-07-11T07:33:10Z" finished-at="2018-07-11T07:34:41Z">
          <reporter-output>
          </reporter-output>
        </test-method> <!-- test1 -->
      </class> <!-- Jenkins.JenkinsTest -->
    </test> <!-- Test -->
  </suite> <!-- Suite -->
</testng-results>
